09:35:16.892 YIIU [restartedMain] INFO  co.yiiu.pybbs.PybbsApplication - Starting PybbsApplication on heavendeMacBook-Pro.local with PID 808 (/Users/heaven/eclipse-workspace/pybbs/target/classes started by heaven in /Users/heaven/eclipse-workspace/jforum2-code-r719-trunk)
09:35:16.895 YIIU [restartedMain] INFO  co.yiiu.pybbs.PybbsApplication - The following profiles are active: dev
09:35:16.949 YIIU [restartedMain] INFO  o.s.b.d.e.DevToolsPropertyDefaultsPostProcessor - Devtools property defaults active! Set 'spring.devtools.add-properties' to 'false' to disable
09:35:16.950 YIIU [restartedMain] INFO  o.s.b.d.e.DevToolsPropertyDefaultsPostProcessor - For additional web related logging consider setting the 'logging.level.web' property to 'DEBUG'
09:35:18.501 YIIU [restartedMain] ERROR c.yiiu.pybbs.config.DataSourceHelper - No timezone mapping entry for 'GMT 8'
09:35:18.501 YIIU [restartedMain] INFO  o.s.c.s.PostProcessorRegistrationDelegate$BeanPostProcessorChecker - Bean 'dataSourceHelper' of type [co.yiiu.pybbs.config.DataSourceHelper$$EnhancerBySpringCGLIB$$c8a94e4] is not eligible for getting processed by all BeanPostProcessors (for example: not eligible for auto-proxying)
09:35:18.503 YIIU [restartedMain] INFO  o.s.c.s.PostProcessorRegistrationDelegate$BeanPostProcessorChecker - Bean 'dataSourceConfig' of type [co.yiiu.pybbs.config.DataSourceConfig$$EnhancerBySpringCGLIB$$1c7db6f8] is not eligible for getting processed by all BeanPostProcessors (for example: not eligible for auto-proxying)
09:35:18.518 YIIU [restartedMain] INFO  com.zaxxer.hikari.HikariDataSource - HikariPool-1 - Starting...
09:35:18.560 YIIU [restartedMain] INFO  com.zaxxer.hikari.HikariDataSource - HikariPool-1 - Start completed.
09:35:18.561 YIIU [restartedMain] INFO  o.s.c.s.PostProcessorRegistrationDelegate$BeanPostProcessorChecker - Bean 'dataSource' of type [com.zaxxer.hikari.HikariDataSource] is not eligible for getting processed by all BeanPostProcessors (for example: not eligible for auto-proxying)
09:35:18.592 YIIU [restartedMain] INFO  o.f.c.i.license.VersionPrinter - Flyway Community Edition 5.2.3 by Boxfuse
09:35:18.613 YIIU [restartedMain] INFO  o.f.c.i.database.DatabaseFactory - Database: jdbc:mysql://localhost:3306/pybbs (MySQL 5.7)
09:35:18.665 YIIU [restartedMain] WARN  o.f.c.i.s.f.FileSystemScanner - Skipping filesystem location:db/migration (not found)
09:35:18.875 YIIU [restartedMain] INFO  o.f.core.internal.command.DbValidate - Successfully validated 5 migrations (execution time 00:00.082s)
09:35:18.915 YIIU [restartedMain] INFO  o.f.c.i.s.JdbcTableSchemaHistory - Creating Schema History table: `pybbs`.`flyway_schema_history`
09:35:18.989 YIIU [restartedMain] INFO  o.f.core.internal.command.DbMigrate - Current version of schema `pybbs`: << Empty Schema >>
09:35:18.990 YIIU [restartedMain] INFO  o.f.core.internal.command.DbMigrate - Migrating schema `pybbs` to version 1 - initialize
09:35:19.004 YIIU [restartedMain] WARN  o.f.c.i.s.DefaultSqlScriptExecutor - DB: Changing sql mode 'NO_AUTO_CREATE_USER' is deprecated. It will be removed in a future release. (SQL State: HY000 - Error Code: 3090)
09:35:19.396 YIIU [restartedMain] WARN  o.f.c.i.s.DefaultSqlScriptExecutor - DB: Changing sql mode 'NO_AUTO_CREATE_USER' is deprecated. It will be removed in a future release. (SQL State: HY000 - Error Code: 3090)
09:35:19.408 YIIU [restartedMain] INFO  o.f.core.internal.command.DbMigrate - Migrating schema `pybbs` to version 1.1 - user add field
09:35:19.450 YIIU [restartedMain] INFO  o.f.core.internal.command.DbMigrate - Migrating schema `pybbs` to version 1.2 - update system config default theme
09:35:19.462 YIIU [restartedMain] INFO  o.f.core.internal.command.DbMigrate - Migrating schema `pybbs` to version 1.3 - delete system config redis ssl
09:35:19.471 YIIU [restartedMain] INFO  o.f.core.internal.command.DbMigrate - Migrating schema `pybbs` to version 1.4 - alter code
09:35:19.575 YIIU [restartedMain] INFO  o.f.core.internal.command.DbMigrate - Successfully applied 5 migrations to schema `pybbs` (execution time 00:00.660s)
09:35:19.580 YIIU [restartedMain] INFO  o.s.c.s.PostProcessorRegistrationDelegate$BeanPostProcessorChecker - Bean 'flywayConfig' of type [co.yiiu.pybbs.config.FlywayConfig$$EnhancerBySpringCGLIB$$39631acf] is not eligible for getting processed by all BeanPostProcessors (for example: not eligible for auto-proxying)
09:35:19.582 YIIU [restartedMain] INFO  o.s.c.s.PostProcessorRegistrationDelegate$BeanPostProcessorChecker - Bean 'mybatisPlusConfig' of type [co.yiiu.pybbs.config.MybatisPlusConfig$$EnhancerBySpringCGLIB$$ed539b0] is not eligible for getting processed by all BeanPostProcessors (for example: not eligible for auto-proxying)
09:35:19.730 YIIU [restartedMain] INFO  o.s.c.s.PostProcessorRegistrationDelegate$BeanPostProcessorChecker - Bean 'mybatisSqlSession' of type [org.apache.ibatis.session.defaults.DefaultSqlSessionFactory] is not eligible for getting processed by all BeanPostProcessors (for example: not eligible for auto-proxying)
09:35:19.754 YIIU [restartedMain] INFO  o.s.c.s.PostProcessorRegistrationDelegate$BeanPostProcessorChecker - Bean 'mybatis-plus-com.baomidou.mybatisplus.autoconfigure.MybatisPlusProperties' of type [com.baomidou.mybatisplus.autoconfigure.MybatisPlusProperties] is not eligible for getting processed by all BeanPostProcessors (for example: not eligible for auto-proxying)
09:35:19.763 YIIU [restartedMain] INFO  o.s.c.s.PostProcessorRegistrationDelegate$BeanPostProcessorChecker - Bean 'com.baomidou.mybatisplus.autoconfigure.MybatisPlusAutoConfiguration' of type [com.baomidou.mybatisplus.autoconfigure.MybatisPlusAutoConfiguration$$EnhancerBySpringCGLIB$$445dc7ce] is not eligible for getting processed by all BeanPostProcessors (for example: not eligible for auto-proxying)
09:35:19.774 YIIU [restartedMain] INFO  o.s.c.s.PostProcessorRegistrationDelegate$BeanPostProcessorChecker - Bean 'sqlSessionTemplate' of type [org.mybatis.spring.SqlSessionTemplate] is not eligible for getting processed by all BeanPostProcessors (for example: not eligible for auto-proxying)
09:35:20.009 YIIU [restartedMain] INFO  o.s.c.s.PostProcessorRegistrationDelegate$BeanPostProcessorChecker - Bean 'adminUserMapper' of type [org.mybatis.spring.mapper.MapperFactoryBean] is not eligible for getting processed by all BeanPostProcessors (for example: not eligible for auto-proxying)
09:35:20.014 YIIU [restartedMain] INFO  o.s.c.s.PostProcessorRegistrationDelegate$BeanPostProcessorChecker - Bean 'adminUserMapper' of type [com.sun.proxy.$Proxy63] is not eligible for getting processed by all BeanPostProcessors (for example: not eligible for auto-proxying)
09:35:20.016 YIIU [restartedMain] INFO  o.s.c.s.PostProcessorRegistrationDelegate$BeanPostProcessorChecker - Bean 'adminUserService' of type [co.yiiu.pybbs.service.AdminUserService] is not eligible for getting processed by all BeanPostProcessors (for example: not eligible for auto-proxying)
09:35:20.063 YIIU [restartedMain] INFO  o.s.c.s.PostProcessorRegistrationDelegate$BeanPostProcessorChecker - Bean 'roleMapper' of type [org.mybatis.spring.mapper.MapperFactoryBean] is not eligible for getting processed by all BeanPostProcessors (for example: not eligible for auto-proxying)
09:35:20.065 YIIU [restartedMain] INFO  o.s.c.s.PostProcessorRegistrationDelegate$BeanPostProcessorChecker - Bean 'roleMapper' of type [com.sun.proxy.$Proxy66] is not eligible for getting processed by all BeanPostProcessors (for example: not eligible for auto-proxying)
09:35:20.073 YIIU [restartedMain] WARN  c.b.m.core.toolkit.TableInfoHelper - Warn: Could not find @TableId in Class: co.yiiu.pybbs.model.RolePermission.
09:35:20.099 YIIU [restartedMain] INFO  o.s.c.s.PostProcessorRegistrationDelegate$BeanPostProcessorChecker - Bean 'rolePermissionMapper' of type [org.mybatis.spring.mapper.MapperFactoryBean] is not eligible for getting processed by all BeanPostProcessors (for example: not eligible for auto-proxying)
09:35:20.101 YIIU [restartedMain] INFO  o.s.c.s.PostProcessorRegistrationDelegate$BeanPostProcessorChecker - Bean 'rolePermissionMapper' of type [com.sun.proxy.$Proxy67] is not eligible for getting processed by all BeanPostProcessors (for example: not eligible for auto-proxying)
09:35:20.102 YIIU [restartedMain] INFO  o.s.c.s.PostProcessorRegistrationDelegate$BeanPostProcessorChecker - Bean 'rolePermissionService' of type [co.yiiu.pybbs.service.RolePermissionService] is not eligible for getting processed by all BeanPostProcessors (for example: not eligible for auto-proxying)
09:35:20.102 YIIU [restartedMain] INFO  o.s.c.s.PostProcessorRegistrationDelegate$BeanPostProcessorChecker - Bean 'roleService' of type [co.yiiu.pybbs.service.RoleService] is not eligible for getting processed by all BeanPostProcessors (for example: not eligible for auto-proxying)
09:35:20.132 YIIU [restartedMain] INFO  o.s.c.s.PostProcessorRegistrationDelegate$BeanPostProcessorChecker - Bean 'permissionMapper' of type [org.mybatis.spring.mapper.MapperFactoryBean] is not eligible for getting processed by all BeanPostProcessors (for example: not eligible for auto-proxying)
09:35:20.134 YIIU [restartedMain] INFO  o.s.c.s.PostProcessorRegistrationDelegate$BeanPostProcessorChecker - Bean 'permissionMapper' of type [com.sun.proxy.$Proxy68] is not eligible for getting processed by all BeanPostProcessors (for example: not eligible for auto-proxying)
09:35:20.135 YIIU [restartedMain] INFO  o.s.c.s.PostProcessorRegistrationDelegate$BeanPostProcessorChecker - Bean 'permissionService' of type [co.yiiu.pybbs.service.PermissionService] is not eligible for getting processed by all BeanPostProcessors (for example: not eligible for auto-proxying)
09:35:20.136 YIIU [restartedMain] INFO  o.s.c.s.PostProcessorRegistrationDelegate$BeanPostProcessorChecker - Bean 'myShiroRealm' of type [co.yiiu.pybbs.config.realm.MyShiroRealm] is not eligible for getting processed by all BeanPostProcessors (for example: not eligible for auto-proxying)
09:35:20.182 YIIU [restartedMain] INFO  o.s.c.s.PostProcessorRegistrationDelegate$BeanPostProcessorChecker - Bean 'systemConfigMapper' of type [org.mybatis.spring.mapper.MapperFactoryBean] is not eligible for getting processed by all BeanPostProcessors (for example: not eligible for auto-proxying)
09:35:20.184 YIIU [restartedMain] INFO  o.s.c.s.PostProcessorRegistrationDelegate$BeanPostProcessorChecker - Bean 'systemConfigMapper' of type [com.sun.proxy.$Proxy70] is not eligible for getting processed by all BeanPostProcessors (for example: not eligible for auto-proxying)
09:35:20.188 YIIU [restartedMain] INFO  o.s.c.s.PostProcessorRegistrationDelegate$BeanPostProcessorChecker - Bean 'redisService' of type [co.yiiu.pybbs.config.service.RedisService] is not eligible for getting processed by all BeanPostProcessors (for example: not eligible for auto-proxying)
09:35:20.189 YIIU [restartedMain] INFO  o.s.c.s.PostProcessorRegistrationDelegate$BeanPostProcessorChecker - Bean 'systemConfigService' of type [co.yiiu.pybbs.service.SystemConfigService] is not eligible for getting processed by all BeanPostProcessors (for example: not eligible for auto-proxying)
09:35:20.189 YIIU [restartedMain] INFO  o.s.c.s.PostProcessorRegistrationDelegate$BeanPostProcessorChecker - Bean 'shiroConfig' of type [co.yiiu.pybbs.config.ShiroConfig$$EnhancerBySpringCGLIB$$e23da514] is not eligible for getting processed by all BeanPostProcessors (for example: not eligible for auto-proxying)
09:35:20.451 YIIU [restartedMain] INFO  o.s.c.s.PostProcessorRegistrationDelegate$BeanPostProcessorChecker - Bean 'myCredentialsMatcher' of type [co.yiiu.pybbs.config.realm.MyCredentialsMatcher] is not eligible for getting processed by all BeanPostProcessors (for example: not eligible for auto-proxying)
09:35:20.585 YIIU [restartedMain] INFO  c.y.p.config.service.RedisService - redis配置信息不全或没有配置...
09:35:20.654 YIIU [restartedMain] INFO  c.y.p.config.service.RedisService - redis配置信息不全或没有配置...
09:35:20.657 YIIU [restartedMain] INFO  o.s.c.s.PostProcessorRegistrationDelegate$BeanPostProcessorChecker - Bean 'rememberMeCookie' of type [org.apache.shiro.web.servlet.SimpleCookie] is not eligible for getting processed by all BeanPostProcessors (for example: not eligible for auto-proxying)
09:35:20.659 YIIU [restartedMain] INFO  o.s.c.s.PostProcessorRegistrationDelegate$BeanPostProcessorChecker - Bean 'rememberMeManager' of type [org.apache.shiro.web.mgt.CookieRememberMeManager] is not eligible for getting processed by all BeanPostProcessors (for example: not eligible for auto-proxying)
09:35:20.661 YIIU [restartedMain] INFO  o.s.c.s.PostProcessorRegistrationDelegate$BeanPostProcessorChecker - Bean 'securityManager' of type [org.apache.shiro.web.mgt.DefaultWebSecurityManager] is not eligible for getting processed by all BeanPostProcessors (for example: not eligible for auto-proxying)
09:35:20.662 YIIU [restartedMain] INFO  co.yiiu.pybbs.config.ShiroConfig - 开始配置shiroFilter...
09:35:20.712 YIIU [restartedMain] INFO  o.s.c.s.PostProcessorRegistrationDelegate$BeanPostProcessorChecker - Bean 'org.springframework.transaction.annotation.ProxyTransactionManagementConfiguration' of type [org.springframework.transaction.annotation.ProxyTransactionManagementConfiguration$$EnhancerBySpringCGLIB$$6955b34] is not eligible for getting processed by all BeanPostProcessors (for example: not eligible for auto-proxying)
09:35:20.724 YIIU [restartedMain] INFO  o.s.c.s.PostProcessorRegistrationDelegate$BeanPostProcessorChecker - Bean 'authorizationAttributeSourceAdvisor' of type [org.apache.shiro.spring.security.interceptor.AuthorizationAttributeSourceAdvisor] is not eligible for getting processed by all BeanPostProcessors (for example: not eligible for auto-proxying)
09:35:21.354 YIIU [restartedMain] INFO  o.s.b.w.e.tomcat.TomcatWebServer - Tomcat initialized with port(s): 8088 (http)
09:35:21.371 YIIU [restartedMain] INFO  o.a.coyote.http11.Http11NioProtocol - Initializing ProtocolHandler ["http-nio-8088"]
09:35:21.382 YIIU [restartedMain] INFO  o.a.catalina.core.StandardService - Starting service [Tomcat]
09:35:21.382 YIIU [restartedMain] INFO  o.a.catalina.core.StandardEngine - Starting Servlet Engine: Apache Tomcat/9.0.13
09:35:21.398 YIIU [restartedMain] INFO  o.a.c.core.AprLifecycleListener - The APR based Apache Tomcat Native library which allows optimal performance in production environments was not found on the java.library.path: [/Users/heaven/Library/Java/Extensions:/Library/Java/Extensions:/Network/Library/Java/Extensions:/System/Library/Java/Extensions:/usr/lib/java:.]
09:35:21.515 YIIU [restartedMain] INFO  o.a.c.c.C.[Tomcat].[localhost].[/] - Initializing Spring embedded WebApplicationContext
09:35:21.515 YIIU [restartedMain] INFO  o.s.web.context.ContextLoader - Root WebApplicationContext: initialization completed in 4565 ms
09:35:21.785 YIIU [restartedMain] WARN  c.b.m.core.toolkit.TableInfoHelper - Warn: Could not find @TableId in Class: co.yiiu.pybbs.model.TopicTag.
09:35:21.910 YIIU [restartedMain] WARN  c.b.m.core.toolkit.TableInfoHelper - Warn: Could not find @TableId in Class: co.yiiu.pybbs.model.Collect.
09:35:22.299 YIIU [restartedMain] INFO  o.s.w.s.v.f.FreeMarkerConfig - 开始配置freemarker全局变量...
09:35:22.309 YIIU [restartedMain] INFO  o.s.w.s.v.f.FreeMarkerConfig - freemarker全局变量配置完成!
09:35:22.309 YIIU [restartedMain] INFO  o.s.w.s.v.f.FreeMarkerConfig - 开始配置freemarker自定义标签...
09:35:22.316 YIIU [restartedMain] INFO  o.s.w.s.v.f.FreeMarkerConfig - freemarker自定义标签配置完成!
09:35:23.427 YIIU [restartedMain] INFO  o.s.b.d.a.OptionalLiveReloadServer - LiveReload server is running on port 35729
09:35:23.461 YIIU [restartedMain] INFO  o.a.coyote.http11.Http11NioProtocol - Starting ProtocolHandler ["http-nio-8088"]
09:35:23.482 YIIU [restartedMain] INFO  o.a.tomcat.util.net.NioSelectorPool - Using a shared selector for servlet write/read
09:35:23.501 YIIU [restartedMain] INFO  o.s.b.w.e.tomcat.TomcatWebServer - Tomcat started on port(s): 8088 (http) with context path ''
09:35:23.505 YIIU [restartedMain] INFO  co.yiiu.pybbs.PybbsApplication - Started PybbsApplication in 27.356 seconds (JVM running for 28.667)
09:35:23.532 YIIU [restartedMain] INFO  c.y.p.config.service.RedisService - redis配置信息不全或没有配置...
09:35:47.953 YIIU [http-nio-8088-exec-1] INFO  o.a.c.c.C.[Tomcat].[localhost].[/] - Initializing Spring DispatcherServlet 'dispatcherServlet'
09:35:47.955 YIIU [http-nio-8088-exec-1] INFO  o.s.web.servlet.DispatcherServlet - Initializing Servlet 'dispatcherServlet'
09:35:47.966 YIIU [http-nio-8088-exec-1] INFO  o.s.web.servlet.DispatcherServlet - Completed initialization in 11 ms
09:35:48.040 YIIU [http-nio-8088-exec-1] INFO  c.y.p.config.service.RedisService - redis配置信息不全或没有配置...
09:35:48.061 YIIU [http-nio-8088-exec-1] INFO  c.y.p.config.service.RedisService - redis配置信息不全或没有配置...
09:35:48.478 YIIU [http-nio-8088-exec-1] INFO  c.y.p.interceptor.CommonInterceptor - 0:0:0:0:0:0:0:1|/|excitation=480ms
09:35:48.600 YIIU [http-nio-8088-exec-2] INFO  c.y.p.interceptor.CommonInterceptor - 0:0:0:0:0:0:0:1|/static/theme/default/css/app.css|excitation=11ms
09:35:54.760 YIIU [http-nio-8088-exec-3] INFO  c.y.p.interceptor.CommonInterceptor - 0:0:0:0:0:0:0:1|/register|excitation=25ms
09:35:54.807 YIIU [http-nio-8088-exec-4] INFO  c.y.p.interceptor.CommonInterceptor - 0:0:0:0:0:0:0:1|/static/theme/default/css/app.css|excitation=4ms
09:35:56.460 YIIU [http-nio-8088-exec-5] INFO  c.y.p.interceptor.CommonInterceptor - 0:0:0:0:0:0:0:1|/common/captcha|ver=1554168954884|excitation=1572ms
09:36:04.830 YIIU [http-nio-8088-exec-7] INFO  c.y.p.config.service.RedisService - redis配置信息不全或没有配置...
09:36:04.842 YIIU [http-nio-8088-exec-7] INFO  c.y.p.config.service.RedisService - redis配置信息不全或没有配置...
09:36:04.855 YIIU [http-nio-8088-exec-7] INFO  c.y.p.config.service.RedisService - redis配置信息不全或没有配置...
09:36:04.863 YIIU [http-nio-8088-exec-7] INFO  c.y.p.config.service.RedisService - redis配置信息不全或没有配置...
09:36:04.877 YIIU [http-nio-8088-exec-7] INFO  c.y.p.config.service.RedisService - redis配置信息不全或没有配置...
09:36:04.884 YIIU [http-nio-8088-exec-7] INFO  c.y.p.config.service.RedisService - redis配置信息不全或没有配置...
09:36:04.969 YIIU [http-nio-8088-exec-7] ERROR c.y.pybbs.util.identicon.Identicon - No such file or directory
09:36:04.991 YIIU [http-nio-8088-exec-7] INFO  c.y.p.config.service.RedisService - redis配置信息不全或没有配置...
09:36:05.006 YIIU [http-nio-8088-exec-7] INFO  c.y.p.config.service.RedisService - redis配置信息不全或没有配置...
09:36:05.096 YIIU [http-nio-8088-exec-7] INFO  c.y.p.interceptor.CommonInterceptor - 0:0:0:0:0:0:0:1|/api/register|excitation=340ms
09:36:05.866 YIIU [http-nio-8088-exec-8] INFO  c.y.p.interceptor.CommonInterceptor - 0:0:0:0:0:0:0:1|/|excitation=49ms
09:36:05.898 YIIU [http-nio-8088-exec-9] INFO  c.y.p.interceptor.CommonInterceptor - 0:0:0:0:0:0:0:1|/static/theme/default/css/app.css|excitation=0ms
09:36:05.947 YIIU [http-nio-8088-exec-10] INFO  c.y.p.config.service.RedisService - redis配置信息不全或没有配置...
09:36:05.953 YIIU [http-nio-8088-exec-10] INFO  c.y.p.config.service.RedisService - redis配置信息不全或没有配置...
09:36:05.976 YIIU [http-nio-8088-exec-10] INFO  c.y.p.interceptor.CommonInterceptor - 0:0:0:0:0:0:0:1|/api/notification/notRead|_=1554168965916|excitation=46ms
09:36:11.484 YIIU [http-nio-8088-exec-1] INFO  c.y.p.interceptor.CommonInterceptor - 0:0:0:0:0:0:0:1|/topic/create|excitation=17ms
09:36:11.602 YIIU [http-nio-8088-exec-2] INFO  c.y.p.config.service.RedisService - redis配置信息不全或没有配置...
09:36:11.608 YIIU [http-nio-8088-exec-2] INFO  c.y.p.config.service.RedisService - redis配置信息不全或没有配置...
09:36:11.613 YIIU [http-nio-8088-exec-2] INFO  c.y.p.interceptor.CommonInterceptor - 0:0:0:0:0:0:0:1|/api/notification/notRead|_=1554168971524|excitation=25ms
09:36:46.137 YIIU [http-nio-8088-exec-4] INFO  c.y.p.config.service.RedisService - redis配置信息不全或没有配置...
09:36:46.142 YIIU [http-nio-8088-exec-4] INFO  c.y.p.config.service.RedisService - redis配置信息不全或没有配置...
09:36:46.145 YIIU [http-nio-8088-exec-4] INFO  c.y.p.interceptor.CommonInterceptor - 0:0:0:0:0:0:0:1|/api/topic|excitation=19ms
09:36:49.840 YIIU [http-nio-8088-exec-5] INFO  c.y.p.config.service.RedisService - redis配置信息不全或没有配置...
09:36:49.844 YIIU [http-nio-8088-exec-5] INFO  c.y.p.config.service.RedisService - redis配置信息不全或没有配置...
09:36:49.846 YIIU [http-nio-8088-exec-5] INFO  c.y.p.interceptor.CommonInterceptor - 0:0:0:0:0:0:0:1|/api/topic|excitation=18ms
09:37:26.371 YIIU [http-nio-8088-exec-6] INFO  c.y.p.config.service.RedisService - redis配置信息不全或没有配置...
09:37:26.376 YIIU [http-nio-8088-exec-6] INFO  c.y.p.config.service.RedisService - redis配置信息不全或没有配置...
09:37:26.378 YIIU [http-nio-8088-exec-6] INFO  c.y.p.interceptor.CommonInterceptor - 0:0:0:0:0:0:0:1|/api/topic|excitation=19ms
09:37:35.483 YIIU [http-nio-8088-exec-7] INFO  c.y.p.config.service.RedisService - redis配置信息不全或没有配置...
09:37:35.487 YIIU [http-nio-8088-exec-7] INFO  c.y.p.config.service.RedisService - redis配置信息不全或没有配置...
09:37:35.489 YIIU [http-nio-8088-exec-7] INFO  c.y.p.interceptor.CommonInterceptor - 0:0:0:0:0:0:0:1|/api/topic|excitation=15ms
09:40:43.287 YIIU [http-nio-8088-exec-9] INFO  c.y.p.config.service.RedisService - redis配置信息不全或没有配置...
09:40:43.297 YIIU [http-nio-8088-exec-9] INFO  c.y.p.config.service.RedisService - redis配置信息不全或没有配置...
09:40:43.300 YIIU [http-nio-8088-exec-9] INFO  c.y.p.interceptor.CommonInterceptor - 0:0:0:0:0:0:0:1|/api/topic|excitation=24ms
09:41:24.522 YIIU [http-nio-8088-exec-10] INFO  c.y.p.config.service.RedisService - redis配置信息不全或没有配置...
09:41:24.532 YIIU [http-nio-8088-exec-10] INFO  c.y.p.config.service.RedisService - redis配置信息不全或没有配置...
09:41:24.535 YIIU [http-nio-8088-exec-10] INFO  c.y.p.interceptor.CommonInterceptor - 0:0:0:0:0:0:0:1|/api/topic|excitation=23ms
09:41:28.195 YIIU [http-nio-8088-exec-1] INFO  c.y.p.config.service.RedisService - redis配置信息不全或没有配置...
09:41:28.199 YIIU [http-nio-8088-exec-1] INFO  c.y.p.config.service.RedisService - redis配置信息不全或没有配置...
09:41:28.201 YIIU [http-nio-8088-exec-1] INFO  c.y.p.interceptor.CommonInterceptor - 0:0:0:0:0:0:0:1|/api/topic|excitation=18ms
09:41:31.568 YIIU [http-nio-8088-exec-2] INFO  c.y.p.config.service.RedisService - redis配置信息不全或没有配置...
09:41:31.572 YIIU [http-nio-8088-exec-2] INFO  c.y.p.config.service.RedisService - redis配置信息不全或没有配置...
09:41:31.592 YIIU [http-nio-8088-exec-2] INFO  c.y.p.interceptor.CommonInterceptor - 0:0:0:0:0:0:0:1|/settings|excitation=37ms
09:41:31.629 YIIU [http-nio-8088-exec-3] INFO  c.y.p.interceptor.CommonInterceptor - 0:0:0:0:0:0:0:1|/static/theme/default/css/app.css|excitation=1ms
09:41:31.712 YIIU [http-nio-8088-exec-4] INFO  c.y.p.config.service.RedisService - redis配置信息不全或没有配置...
09:41:31.716 YIIU [http-nio-8088-exec-4] INFO  c.y.p.config.service.RedisService - redis配置信息不全或没有配置...
09:41:31.719 YIIU [http-nio-8088-exec-4] INFO  c.y.p.interceptor.CommonInterceptor - 0:0:0:0:0:0:0:1|/api/notification/notRead|_=1554169291652|excitation=17ms
09:41:34.615 YIIU [http-nio-8088-exec-5] INFO  c.y.p.config.service.RedisService - redis配置信息不全或没有配置...
09:41:34.619 YIIU [http-nio-8088-exec-5] INFO  c.y.p.config.service.RedisService - redis配置信息不全或没有配置...
09:41:34.632 YIIU [http-nio-8088-exec-5] INFO  c.y.p.interceptor.CommonInterceptor - 0:0:0:0:0:0:0:1|/api/settings/sendActiveEmail|_=1554169291653|excitation=28ms
09:41:42.357 YIIU [http-nio-8088-exec-6] INFO  c.y.p.config.service.RedisService - redis配置信息不全或没有配置...
09:41:42.362 YIIU [http-nio-8088-exec-6] INFO  c.y.p.config.service.RedisService - redis配置信息不全或没有配置...
09:41:42.364 YIIU [http-nio-8088-exec-6] ERROR c.y.p.e.GlobalExceptionHandler - null
09:41:42.382 YIIU [http-nio-8088-exec-6] INFO  c.y.p.interceptor.CommonInterceptor - 0:0:0:0:0:0:0:1|/user/honglouleiyan@163.com|excitation=43ms
09:41:42.437 YIIU [http-nio-8088-exec-8] WARN  o.s.web.servlet.PageNotFound - No mapping for GET /favicon.ico
09:41:42.450 YIIU [http-nio-8088-exec-8] INFO  c.y.p.interceptor.CommonInterceptor - 0:0:0:0:0:0:0:1|/error|excitation=4ms
09:41:44.662 YIIU [http-nio-8088-exec-9] INFO  c.y.p.config.service.RedisService - redis配置信息不全或没有配置...
09:41:44.668 YIIU [http-nio-8088-exec-9] INFO  c.y.p.config.service.RedisService - redis配置信息不全或没有配置...
09:41:44.672 YIIU [http-nio-8088-exec-9] INFO  c.y.p.interceptor.CommonInterceptor - 0:0:0:0:0:0:0:1|/api/notification/notRead|_=1554169304613|excitation=17ms
09:41:59.225 YIIU [http-nio-8088-exec-1] INFO  c.y.p.interceptor.CommonInterceptor - 0:0:0:0:0:0:0:1|/|excitation=22ms
09:41:59.274 YIIU [http-nio-8088-exec-2] INFO  c.y.p.config.service.RedisService - redis配置信息不全或没有配置...
09:41:59.278 YIIU [http-nio-8088-exec-2] INFO  c.y.p.config.service.RedisService - redis配置信息不全或没有配置...
09:41:59.287 YIIU [http-nio-8088-exec-2] INFO  c.y.p.interceptor.CommonInterceptor - 0:0:0:0:0:0:0:1|/api/notification/notRead|_=1554169319258|excitation=21ms
09:42:02.297 YIIU [http-nio-8088-exec-3] INFO  c.y.p.interceptor.CommonInterceptor - 0:0:0:0:0:0:0:1|/topic/create|excitation=10ms
09:42:02.383 YIIU [http-nio-8088-exec-4] INFO  c.y.p.config.service.RedisService - redis配置信息不全或没有配置...
09:42:02.387 YIIU [http-nio-8088-exec-4] INFO  c.y.p.config.service.RedisService - redis配置信息不全或没有配置...
09:42:02.390 YIIU [http-nio-8088-exec-4] INFO  c.y.p.interceptor.CommonInterceptor - 0:0:0:0:0:0:0:1|/api/notification/notRead|_=1554169322333|excitation=17ms
09:42:06.384 YIIU [http-nio-8088-exec-5] INFO  c.y.p.config.service.RedisService - redis配置信息不全或没有配置...
09:42:06.391 YIIU [http-nio-8088-exec-5] INFO  c.y.p.config.service.RedisService - redis配置信息不全或没有配置...
09:42:06.394 YIIU [http-nio-8088-exec-5] INFO  c.y.p.interceptor.CommonInterceptor - 0:0:0:0:0:0:0:1|/api/topic|excitation=19ms
09:42:10.042 YIIU [http-nio-8088-exec-6] INFO  c.y.p.config.service.RedisService - redis配置信息不全或没有配置...
09:42:10.047 YIIU [http-nio-8088-exec-6] INFO  c.y.p.config.service.RedisService - redis配置信息不全或没有配置...
09:42:10.049 YIIU [http-nio-8088-exec-6] INFO  c.y.p.interceptor.CommonInterceptor - 0:0:0:0:0:0:0:1|/api/topic|excitation=19ms
09:42:26.649 YIIU [http-nio-8088-exec-8] INFO  c.y.p.config.service.RedisService - redis配置信息不全或没有配置...
09:42:26.653 YIIU [http-nio-8088-exec-8] INFO  c.y.p.config.service.RedisService - redis配置信息不全或没有配置...
09:42:26.654 YIIU [http-nio-8088-exec-8] INFO  c.y.p.interceptor.CommonInterceptor - 0:0:0:0:0:0:0:1|/api/topic|excitation=14ms
09:43:37.730 YIIU [http-nio-8088-exec-10] INFO  c.y.p.config.service.RedisService - redis配置信息不全或没有配置...
09:43:37.743 YIIU [http-nio-8088-exec-10] INFO  c.y.p.config.service.RedisService - redis配置信息不全或没有配置...
09:43:37.881 YIIU [http-nio-8088-exec-10] INFO  c.y.p.config.service.RedisService - redis配置信息不全或没有配置...
09:43:37.883 YIIU [http-nio-8088-exec-10] INFO  c.y.p.config.service.RedisService - redis配置信息不全或没有配置...
09:43:37.884 YIIU [http-nio-8088-exec-10] INFO  c.y.p.config.service.RedisService - redis配置信息不全或没有配置...
09:43:37.885 YIIU [http-nio-8088-exec-10] INFO  c.y.p.config.service.RedisService - redis配置信息不全或没有配置...
09:43:37.887 YIIU [http-nio-8088-exec-10] INFO  c.y.p.config.service.RedisService - redis配置信息不全或没有配置...
09:43:37.891 YIIU [http-nio-8088-exec-10] INFO  c.y.p.interceptor.CommonInterceptor - 0:0:0:0:0:0:0:1|/api/topic|excitation=172ms
09:43:38.620 YIIU [http-nio-8088-exec-1] INFO  c.y.p.config.service.RedisService - redis配置信息不全或没有配置...
09:43:38.631 YIIU [http-nio-8088-exec-1] INFO  c.y.p.config.service.RedisService - redis配置信息不全或没有配置...
09:43:38.668 YIIU [http-nio-8088-exec-1] INFO  c.y.p.config.service.RedisService - redis配置信息不全或没有配置...
09:43:38.672 YIIU [http-nio-8088-exec-1] INFO  c.y.p.config.service.RedisService - redis配置信息不全或没有配置...
09:43:38.711 YIIU [http-nio-8088-exec-1] INFO  c.y.p.config.service.RedisService - redis配置信息不全或没有配置...
09:43:38.802 YIIU [http-nio-8088-exec-1] INFO  c.y.p.config.service.RedisService - redis配置信息不全或没有配置...
09:43:38.806 YIIU [http-nio-8088-exec-1] INFO  c.y.p.config.service.RedisService - redis配置信息不全或没有配置...
09:43:38.846 YIIU [http-nio-8088-exec-1] INFO  c.y.p.interceptor.CommonInterceptor - 0:0:0:0:0:0:0:1|/topic/1|excitation=241ms
09:43:38.849 YIIU [http-nio-8088-exec-2] INFO  c.y.p.interceptor.CommonInterceptor - 0:0:0:0:0:0:0:1|/static/theme/default/css/app.css|excitation=0ms
09:43:38.893 YIIU [http-nio-8088-exec-3] INFO  c.y.p.config.service.RedisService - redis配置信息不全或没有配置...
09:43:38.896 YIIU [http-nio-8088-exec-3] INFO  c.y.p.config.service.RedisService - redis配置信息不全或没有配置...
09:43:38.900 YIIU [http-nio-8088-exec-3] INFO  c.y.p.interceptor.CommonInterceptor - 0:0:0:0:0:0:0:1|/api/notification/notRead|_=1554169418862|excitation=15ms
09:43:55.141 YIIU [http-nio-8088-exec-4] INFO  c.y.p.config.service.RedisService - redis配置信息不全或没有配置...
09:43:55.146 YIIU [http-nio-8088-exec-4] INFO  c.y.p.config.service.RedisService - redis配置信息不全或没有配置...
09:43:55.155 YIIU [http-nio-8088-exec-4] INFO  c.y.p.config.service.RedisService - redis配置信息不全或没有配置...
09:43:55.158 YIIU [http-nio-8088-exec-4] INFO  c.y.p.config.service.RedisService - redis配置信息不全或没有配置...
09:43:55.170 YIIU [http-nio-8088-exec-4] INFO  c.y.p.config.service.RedisService - redis配置信息不全或没有配置...
09:43:55.179 YIIU [http-nio-8088-exec-4] INFO  c.y.p.config.service.RedisService - redis配置信息不全或没有配置...
09:43:55.180 YIIU [http-nio-8088-exec-4] INFO  c.y.p.config.service.RedisService - redis配置信息不全或没有配置...
09:43:55.181 YIIU [http-nio-8088-exec-4] INFO  c.y.p.config.service.RedisService - redis配置信息不全或没有配置...
09:43:55.183 YIIU [http-nio-8088-exec-4] INFO  c.y.p.config.service.RedisService - redis配置信息不全或没有配置...
09:43:55.184 YIIU [http-nio-8088-exec-4] INFO  c.y.p.config.service.RedisService - redis配置信息不全或没有配置...
09:43:55.185 YIIU [http-nio-8088-exec-4] INFO  c.y.p.config.service.RedisService - redis配置信息不全或没有配置...
09:43:55.190 YIIU [http-nio-8088-exec-4] INFO  c.y.p.interceptor.CommonInterceptor - 0:0:0:0:0:0:0:1|/api/comment|excitation=58ms
09:43:55.917 YIIU [http-nio-8088-exec-5] INFO  c.y.p.config.service.RedisService - redis配置信息不全或没有配置...
09:43:55.920 YIIU [http-nio-8088-exec-5] INFO  c.y.p.config.service.RedisService - redis配置信息不全或没有配置...
09:43:55.932 YIIU [http-nio-8088-exec-5] INFO  c.y.p.config.service.RedisService - redis配置信息不全或没有配置...
09:43:55.935 YIIU [http-nio-8088-exec-5] INFO  c.y.p.config.service.RedisService - redis配置信息不全或没有配置...
09:43:55.958 YIIU [http-nio-8088-exec-5] INFO  c.y.p.config.service.RedisService - redis配置信息不全或没有配置...
09:43:55.984 YIIU [http-nio-8088-exec-5] INFO  c.y.p.config.service.RedisService - redis配置信息不全或没有配置...
09:43:55.988 YIIU [http-nio-8088-exec-5] INFO  c.y.p.config.service.RedisService - redis配置信息不全或没有配置...
09:43:56.006 YIIU [http-nio-8088-exec-5] INFO  c.y.p.interceptor.CommonInterceptor - 0:0:0:0:0:0:0:1|/topic/1|excitation=101ms
09:43:56.076 YIIU [http-nio-8088-exec-7] INFO  c.y.p.config.service.RedisService - redis配置信息不全或没有配置...
09:43:56.079 YIIU [http-nio-8088-exec-7] INFO  c.y.p.config.service.RedisService - redis配置信息不全或没有配置...
09:43:56.083 YIIU [http-nio-8088-exec-7] INFO  c.y.p.interceptor.CommonInterceptor - 0:0:0:0:0:0:0:1|/api/notification/notRead|_=1554169436036|excitation=14ms
09:44:02.945 YIIU [http-nio-8088-exec-6] INFO  c.y.p.interceptor.CommonInterceptor - 0:0:0:0:0:0:0:1|/|excitation=31ms
09:44:02.985 YIIU [http-nio-8088-exec-8] INFO  c.y.p.config.service.RedisService - redis配置信息不全或没有配置...
09:44:02.987 YIIU [http-nio-8088-exec-8] INFO  c.y.p.config.service.RedisService - redis配置信息不全或没有配置...
09:44:02.992 YIIU [http-nio-8088-exec-8] INFO  c.y.p.interceptor.CommonInterceptor - 0:0:0:0:0:0:0:1|/api/notification/notRead|_=1554169442972|excitation=13ms
09:44:08.868 YIIU [http-nio-8088-exec-9] INFO  c.y.p.interceptor.CommonInterceptor - 0:0:0:0:0:0:0:1|/notifications|excitation=26ms
09:44:08.919 YIIU [http-nio-8088-exec-10] INFO  c.y.p.config.service.RedisService - redis配置信息不全或没有配置...
09:44:08.922 YIIU [http-nio-8088-exec-10] INFO  c.y.p.config.service.RedisService - redis配置信息不全或没有配置...
09:44:08.927 YIIU [http-nio-8088-exec-10] INFO  c.y.p.interceptor.CommonInterceptor - 0:0:0:0:0:0:0:1|/api/notification/notRead|_=1554169448893|excitation=15ms
09:44:11.120 YIIU [http-nio-8088-exec-1] INFO  c.y.p.interceptor.CommonInterceptor - 0:0:0:0:0:0:0:1|/|excitation=15ms
09:44:11.167 YIIU [http-nio-8088-exec-2] INFO  c.y.p.config.service.RedisService - redis配置信息不全或没有配置...
09:44:11.170 YIIU [http-nio-8088-exec-2] INFO  c.y.p.config.service.RedisService - redis配置信息不全或没有配置...
09:44:11.173 YIIU [http-nio-8088-exec-2] INFO  c.y.p.interceptor.CommonInterceptor - 0:0:0:0:0:0:0:1|/api/notification/notRead|_=1554169451138|excitation=17ms
09:44:17.839 YIIU [http-nio-8088-exec-3] INFO  c.y.p.interceptor.CommonInterceptor - 0:0:0:0:0:0:0:1|/|tab=good|excitation=18ms
09:44:17.888 YIIU [http-nio-8088-exec-4] INFO  c.y.p.config.service.RedisService - redis配置信息不全或没有配置...
09:44:17.891 YIIU [http-nio-8088-exec-4] INFO  c.y.p.config.service.RedisService - redis配置信息不全或没有配置...
09:44:17.894 YIIU [http-nio-8088-exec-4] INFO  c.y.p.interceptor.CommonInterceptor - 0:0:0:0:0:0:0:1|/api/notification/notRead|_=1554169457856|excitation=17ms
09:44:19.201 YIIU [http-nio-8088-exec-5] INFO  c.y.p.interceptor.CommonInterceptor - 0:0:0:0:0:0:0:1|/|tab=newest|excitation=13ms
09:44:19.251 YIIU [http-nio-8088-exec-7] INFO  c.y.p.config.service.RedisService - redis配置信息不全或没有配置...
09:44:19.253 YIIU [http-nio-8088-exec-7] INFO  c.y.p.config.service.RedisService - redis配置信息不全或没有配置...
09:44:19.257 YIIU [http-nio-8088-exec-7] INFO  c.y.p.interceptor.CommonInterceptor - 0:0:0:0:0:0:0:1|/api/notification/notRead|_=1554169459218|excitation=16ms
09:44:20.405 YIIU [http-nio-8088-exec-6] INFO  c.y.p.interceptor.CommonInterceptor - 0:0:0:0:0:0:0:1|/|tab=hot|excitation=25ms
09:44:20.449 YIIU [http-nio-8088-exec-8] INFO  c.y.p.config.service.RedisService - redis配置信息不全或没有配置...
09:44:20.451 YIIU [http-nio-8088-exec-8] INFO  c.y.p.config.service.RedisService - redis配置信息不全或没有配置...
09:44:20.455 YIIU [http-nio-8088-exec-8] INFO  c.y.p.interceptor.CommonInterceptor - 0:0:0:0:0:0:0:1|/api/notification/notRead|_=1554169460420|excitation=15ms
09:44:21.339 YIIU [http-nio-8088-exec-9] INFO  c.y.p.interceptor.CommonInterceptor - 0:0:0:0:0:0:0:1|/|tab=noanswer|excitation=11ms
09:44:21.386 YIIU [http-nio-8088-exec-10] INFO  c.y.p.config.service.RedisService - redis配置信息不全或没有配置...
09:44:21.388 YIIU [http-nio-8088-exec-10] INFO  c.y.p.config.service.RedisService - redis配置信息不全或没有配置...
09:44:21.391 YIIU [http-nio-8088-exec-10] INFO  c.y.p.interceptor.CommonInterceptor - 0:0:0:0:0:0:0:1|/api/notification/notRead|_=1554169461355|excitation=13ms
09:44:21.991 YIIU [http-nio-8088-exec-1] INFO  c.y.p.interceptor.CommonInterceptor - 0:0:0:0:0:0:0:1|/|tab=newest|excitation=13ms
09:44:22.036 YIIU [http-nio-8088-exec-2] INFO  c.y.p.config.service.RedisService - redis配置信息不全或没有配置...
09:44:22.038 YIIU [http-nio-8088-exec-2] INFO  c.y.p.config.service.RedisService - redis配置信息不全或没有配置...
09:44:22.041 YIIU [http-nio-8088-exec-2] INFO  c.y.p.interceptor.CommonInterceptor - 0:0:0:0:0:0:0:1|/api/notification/notRead|_=1554169462007|excitation=15ms
09:44:22.591 YIIU [http-nio-8088-exec-3] INFO  c.y.p.interceptor.CommonInterceptor - 0:0:0:0:0:0:0:1|/|tab=hot|excitation=13ms
09:44:22.622 YIIU [http-nio-8088-exec-4] INFO  c.y.p.config.service.RedisService - redis配置信息不全或没有配置...
09:44:22.625 YIIU [http-nio-8088-exec-4] INFO  c.y.p.config.service.RedisService - redis配置信息不全或没有配置...
09:44:22.628 YIIU [http-nio-8088-exec-4] INFO  c.y.p.interceptor.CommonInterceptor - 0:0:0:0:0:0:0:1|/api/notification/notRead|_=1554169462606|excitation=13ms
09:44:23.078 YIIU [http-nio-8088-exec-5] INFO  c.y.p.interceptor.CommonInterceptor - 0:0:0:0:0:0:0:1|/tags|excitation=14ms
09:44:23.125 YIIU [http-nio-8088-exec-7] INFO  c.y.p.config.service.RedisService - redis配置信息不全或没有配置...
09:44:23.127 YIIU [http-nio-8088-exec-7] INFO  c.y.p.config.service.RedisService - redis配置信息不全或没有配置...
09:44:23.135 YIIU [http-nio-8088-exec-7] INFO  c.y.p.interceptor.CommonInterceptor - 0:0:0:0:0:0:0:1|/api/notification/notRead|_=1554169463093|excitation=17ms
09:44:24.116 YIIU [http-nio-8088-exec-6] INFO  c.y.p.interceptor.CommonInterceptor - 0:0:0:0:0:0:0:1|/|excitation=14ms
09:44:24.175 YIIU [http-nio-8088-exec-8] INFO  c.y.p.config.service.RedisService - redis配置信息不全或没有配置...
09:44:24.177 YIIU [http-nio-8088-exec-8] INFO  c.y.p.config.service.RedisService - redis配置信息不全或没有配置...
09:44:24.181 YIIU [http-nio-8088-exec-8] INFO  c.y.p.interceptor.CommonInterceptor - 0:0:0:0:0:0:0:1|/api/notification/notRead|_=1554169464133|excitation=13ms
09:44:25.746 YIIU [http-nio-8088-exec-9] INFO  c.y.p.interceptor.CommonInterceptor - 0:0:0:0:0:0:0:1|/|tab=good|excitation=14ms
09:44:25.779 YIIU [http-nio-8088-exec-10] INFO  c.y.p.config.service.RedisService - redis配置信息不全或没有配置...
09:44:25.781 YIIU [http-nio-8088-exec-10] INFO  c.y.p.config.service.RedisService - redis配置信息不全或没有配置...
09:44:25.786 YIIU [http-nio-8088-exec-10] INFO  c.y.p.interceptor.CommonInterceptor - 0:0:0:0:0:0:0:1|/api/notification/notRead|_=1554169465763|excitation=12ms
09:44:26.363 YIIU [http-nio-8088-exec-1] INFO  c.y.p.interceptor.CommonInterceptor - 0:0:0:0:0:0:0:1|/|tab=hot|excitation=12ms
09:44:26.408 YIIU [http-nio-8088-exec-2] INFO  c.y.p.config.service.RedisService - redis配置信息不全或没有配置...
09:44:26.410 YIIU [http-nio-8088-exec-2] INFO  c.y.p.config.service.RedisService - redis配置信息不全或没有配置...
09:44:26.413 YIIU [http-nio-8088-exec-2] INFO  c.y.p.interceptor.CommonInterceptor - 0:0:0:0:0:0:0:1|/api/notification/notRead|_=1554169466379|excitation=15ms
09:44:53.847 YIIU [http-nio-8088-exec-4] INFO  c.y.p.config.service.RedisService - redis配置信息不全或没有配置...
09:44:53.851 YIIU [http-nio-8088-exec-4] INFO  c.y.p.config.service.RedisService - redis配置信息不全或没有配置...
09:44:53.859 YIIU [http-nio-8088-exec-4] INFO  c.y.p.interceptor.CommonInterceptor - 0:0:0:0:0:0:0:1|/settings|excitation=22ms
09:44:53.873 YIIU [http-nio-8088-exec-5] INFO  c.y.p.interceptor.CommonInterceptor - 0:0:0:0:0:0:0:1|/static/theme/default/css/app.css|excitation=0ms
09:44:53.959 YIIU [http-nio-8088-exec-7] INFO  c.y.p.config.service.RedisService - redis配置信息不全或没有配置...
09:44:53.961 YIIU [http-nio-8088-exec-7] INFO  c.y.p.config.service.RedisService - redis配置信息不全或没有配置...
09:44:53.967 YIIU [http-nio-8088-exec-7] INFO  c.y.p.interceptor.CommonInterceptor - 0:0:0:0:0:0:0:1|/api/notification/notRead|_=1554169493887|excitation=14ms
09:44:56.634 YIIU [http-nio-8088-exec-6] INFO  c.y.p.interceptor.CommonInterceptor - 0:0:0:0:0:0:0:1|/|excitation=16ms
09:44:56.679 YIIU [http-nio-8088-exec-8] INFO  c.y.p.config.service.RedisService - redis配置信息不全或没有配置...
09:44:56.683 YIIU [http-nio-8088-exec-8] INFO  c.y.p.config.service.RedisService - redis配置信息不全或没有配置...
09:44:56.687 YIIU [http-nio-8088-exec-8] INFO  c.y.p.interceptor.CommonInterceptor - 0:0:0:0:0:0:0:1|/api/notification/notRead|_=1554169496648|excitation=17ms
09:46:53.689 YIIU [http-nio-8088-exec-1] INFO  c.y.p.interceptor.CommonInterceptor - 0:0:0:0:0:0:0:1|/|tab=hot|excitation=22ms
09:46:53.704 YIIU [http-nio-8088-exec-2] INFO  c.y.p.interceptor.CommonInterceptor - 0:0:0:0:0:0:0:1|/static/theme/default/css/app.css|excitation=1ms
09:46:53.748 YIIU [http-nio-8088-exec-3] INFO  c.y.p.config.service.RedisService - redis配置信息不全或没有配置...
09:46:53.751 YIIU [http-nio-8088-exec-3] INFO  c.y.p.config.service.RedisService - redis配置信息不全或没有配置...
09:46:53.755 YIIU [http-nio-8088-exec-3] INFO  c.y.p.interceptor.CommonInterceptor - 0:0:0:0:0:0:0:1|/api/notification/notRead|_=1554169613718|excitation=17ms
09:46:54.638 YIIU [http-nio-8088-exec-4] INFO  c.y.p.interceptor.CommonInterceptor - 0:0:0:0:0:0:0:1|/|tab=good|excitation=15ms
09:46:54.676 YIIU [http-nio-8088-exec-5] INFO  c.y.p.config.service.RedisService - redis配置信息不全或没有配置...
09:46:54.679 YIIU [http-nio-8088-exec-5] INFO  c.y.p.config.service.RedisService - redis配置信息不全或没有配置...
09:46:54.687 YIIU [http-nio-8088-exec-5] INFO  c.y.p.interceptor.CommonInterceptor - 0:0:0:0:0:0:0:1|/api/notification/notRead|_=1554169614660|excitation=17ms
09:46:55.575 YIIU [http-nio-8088-exec-7] INFO  c.y.p.interceptor.CommonInterceptor - 0:0:0:0:0:0:0:1|/|tab=newest|excitation=15ms
09:46:55.637 YIIU [http-nio-8088-exec-6] INFO  c.y.p.config.service.RedisService - redis配置信息不全或没有配置...
09:46:55.640 YIIU [http-nio-8088-exec-6] INFO  c.y.p.config.service.RedisService - redis配置信息不全或没有配置...
09:46:55.643 YIIU [http-nio-8088-exec-6] INFO  c.y.p.interceptor.CommonInterceptor - 0:0:0:0:0:0:0:1|/api/notification/notRead|_=1554169615599|excitation=15ms
09:46:56.694 YIIU [http-nio-8088-exec-8] INFO  c.y.p.interceptor.CommonInterceptor - 0:0:0:0:0:0:0:1|/|tab=all|excitation=15ms
09:46:56.736 YIIU [http-nio-8088-exec-9] INFO  c.y.p.config.service.RedisService - redis配置信息不全或没有配置...
09:46:56.740 YIIU [http-nio-8088-exec-9] INFO  c.y.p.config.service.RedisService - redis配置信息不全或没有配置...
09:46:56.746 YIIU [http-nio-8088-exec-9] INFO  c.y.p.interceptor.CommonInterceptor - 0:0:0:0:0:0:0:1|/api/notification/notRead|_=1554169616711|excitation=19ms
09:46:59.216 YIIU [http-nio-8088-exec-10] INFO  c.y.p.interceptor.CommonInterceptor - 0:0:0:0:0:0:0:1|/topic/create|excitation=9ms
09:46:59.277 YIIU [http-nio-8088-exec-1] INFO  c.y.p.config.service.RedisService - redis配置信息不全或没有配置...
09:46:59.280 YIIU [http-nio-8088-exec-1] INFO  c.y.p.config.service.RedisService - redis配置信息不全或没有配置...
09:46:59.282 YIIU [http-nio-8088-exec-1] INFO  c.y.p.interceptor.CommonInterceptor - 0:0:0:0:0:0:0:1|/api/notification/notRead|_=1554169619236|excitation=9ms
09:47:03.080 YIIU [http-nio-8088-exec-2] INFO  c.y.p.config.service.RedisService - redis配置信息不全或没有配置...
09:47:03.083 YIIU [http-nio-8088-exec-2] INFO  c.y.p.config.service.RedisService - redis配置信息不全或没有配置...
09:47:03.097 YIIU [http-nio-8088-exec-2] INFO  c.y.p.config.service.RedisService - redis配置信息不全或没有配置...
09:47:03.098 YIIU [http-nio-8088-exec-2] INFO  c.y.p.config.service.RedisService - redis配置信息不全或没有配置...
09:47:03.099 YIIU [http-nio-8088-exec-2] INFO  c.y.p.config.service.RedisService - redis配置信息不全或没有配置...
09:47:03.100 YIIU [http-nio-8088-exec-2] INFO  c.y.p.config.service.RedisService - redis配置信息不全或没有配置...
09:47:03.101 YIIU [http-nio-8088-exec-2] INFO  c.y.p.config.service.RedisService - redis配置信息不全或没有配置...
09:47:03.103 YIIU [http-nio-8088-exec-2] INFO  c.y.p.interceptor.CommonInterceptor - 0:0:0:0:0:0:0:1|/api/topic|excitation=31ms
09:47:03.837 YIIU [http-nio-8088-exec-3] INFO  c.y.p.config.service.RedisService - redis配置信息不全或没有配置...
09:47:03.840 YIIU [http-nio-8088-exec-3] INFO  c.y.p.config.service.RedisService - redis配置信息不全或没有配置...
09:47:03.846 YIIU [http-nio-8088-exec-3] INFO  c.y.p.config.service.RedisService - redis配置信息不全或没有配置...
09:47:03.848 YIIU [http-nio-8088-exec-3] INFO  c.y.p.config.service.RedisService - redis配置信息不全或没有配置...
09:47:03.864 YIIU [http-nio-8088-exec-3] INFO  c.y.p.config.service.RedisService - redis配置信息不全或没有配置...
09:47:03.879 YIIU [http-nio-8088-exec-3] INFO  c.y.p.config.service.RedisService - redis配置信息不全或没有配置...
09:47:03.882 YIIU [http-nio-8088-exec-3] INFO  c.y.p.config.service.RedisService - redis配置信息不全或没有配置...
09:47:03.889 YIIU [http-nio-8088-exec-3] INFO  c.y.p.interceptor.CommonInterceptor - 0:0:0:0:0:0:0:1|/topic/2|excitation=64ms
09:47:03.950 YIIU [http-nio-8088-exec-5] INFO  c.y.p.config.service.RedisService - redis配置信息不全或没有配置...
09:47:03.951 YIIU [http-nio-8088-exec-5] INFO  c.y.p.config.service.RedisService - redis配置信息不全或没有配置...
09:47:03.953 YIIU [http-nio-8088-exec-5] INFO  c.y.p.interceptor.CommonInterceptor - 0:0:0:0:0:0:0:1|/api/notification/notRead|_=1554169623909|excitation=7ms
09:47:06.324 YIIU [http-nio-8088-exec-7] INFO  c.y.p.interceptor.CommonInterceptor - 0:0:0:0:0:0:0:1|/|excitation=28ms
09:47:06.364 YIIU [http-nio-8088-exec-6] INFO  c.y.p.config.service.RedisService - redis配置信息不全或没有配置...
09:47:06.367 YIIU [http-nio-8088-exec-6] INFO  c.y.p.config.service.RedisService - redis配置信息不全或没有配置...
09:47:06.370 YIIU [http-nio-8088-exec-6] INFO  c.y.p.interceptor.CommonInterceptor - 0:0:0:0:0:0:0:1|/api/notification/notRead|_=1554169626341|excitation=16ms
09:47:08.016 YIIU [http-nio-8088-exec-8] INFO  c.y.p.interceptor.CommonInterceptor - 0:0:0:0:0:0:0:1|/topic/create|excitation=7ms
09:47:08.065 YIIU [http-nio-8088-exec-9] INFO  c.y.p.config.service.RedisService - redis配置信息不全或没有配置...
09:47:08.067 YIIU [http-nio-8088-exec-9] INFO  c.y.p.config.service.RedisService - redis配置信息不全或没有配置...
09:47:08.070 YIIU [http-nio-8088-exec-9] INFO  c.y.p.interceptor.CommonInterceptor - 0:0:0:0:0:0:0:1|/api/notification/notRead|_=1554169628033|excitation=11ms
09:47:12.012 YIIU [http-nio-8088-exec-10] INFO  c.y.p.config.service.RedisService - redis配置信息不全或没有配置...
09:47:12.015 YIIU [http-nio-8088-exec-10] INFO  c.y.p.config.service.RedisService - redis配置信息不全或没有配置...
09:47:12.025 YIIU [http-nio-8088-exec-10] INFO  c.y.p.config.service.RedisService - redis配置信息不全或没有配置...
09:47:12.026 YIIU [http-nio-8088-exec-10] INFO  c.y.p.config.service.RedisService - redis配置信息不全或没有配置...
09:47:12.026 YIIU [http-nio-8088-exec-10] INFO  c.y.p.config.service.RedisService - redis配置信息不全或没有配置...
09:47:12.027 YIIU [http-nio-8088-exec-10] INFO  c.y.p.config.service.RedisService - redis配置信息不全或没有配置...
09:47:12.027 YIIU [http-nio-8088-exec-10] INFO  c.y.p.config.service.RedisService - redis配置信息不全或没有配置...
09:47:12.035 YIIU [http-nio-8088-exec-10] INFO  c.y.p.interceptor.CommonInterceptor - 0:0:0:0:0:0:0:1|/api/topic|excitation=30ms
09:47:12.779 YIIU [http-nio-8088-exec-1] INFO  c.y.p.config.service.RedisService - redis配置信息不全或没有配置...
09:47:12.782 YIIU [http-nio-8088-exec-1] INFO  c.y.p.config.service.RedisService - redis配置信息不全或没有配置...
09:47:12.793 YIIU [http-nio-8088-exec-1] INFO  c.y.p.config.service.RedisService - redis配置信息不全或没有配置...
09:47:12.797 YIIU [http-nio-8088-exec-1] INFO  c.y.p.config.service.RedisService - redis配置信息不全或没有配置...
09:47:12.814 YIIU [http-nio-8088-exec-1] INFO  c.y.p.config.service.RedisService - redis配置信息不全或没有配置...
09:47:12.827 YIIU [http-nio-8088-exec-1] INFO  c.y.p.config.service.RedisService - redis配置信息不全或没有配置...
09:47:12.829 YIIU [http-nio-8088-exec-1] INFO  c.y.p.config.service.RedisService - redis配置信息不全或没有配置...
09:47:12.836 YIIU [http-nio-8088-exec-1] INFO  c.y.p.interceptor.CommonInterceptor - 0:0:0:0:0:0:0:1|/topic/3|excitation=73ms
09:47:12.901 YIIU [http-nio-8088-exec-2] INFO  c.y.p.config.service.RedisService - redis配置信息不全或没有配置...
09:47:12.903 YIIU [http-nio-8088-exec-2] INFO  c.y.p.config.service.RedisService - redis配置信息不全或没有配置...
09:47:12.907 YIIU [http-nio-8088-exec-2] INFO  c.y.p.interceptor.CommonInterceptor - 0:0:0:0:0:0:0:1|/api/notification/notRead|_=1554169632853|excitation=13ms
09:47:16.534 YIIU [http-nio-8088-exec-4] INFO  c.y.p.interceptor.CommonInterceptor - 0:0:0:0:0:0:0:1|/|excitation=22ms
09:47:16.579 YIIU [http-nio-8088-exec-5] INFO  c.y.p.config.service.RedisService - redis配置信息不全或没有配置...
09:47:16.582 YIIU [http-nio-8088-exec-5] INFO  c.y.p.config.service.RedisService - redis配置信息不全或没有配置...
09:47:16.594 YIIU [http-nio-8088-exec-5] INFO  c.y.p.interceptor.CommonInterceptor - 0:0:0:0:0:0:0:1|/api/notification/notRead|_=1554169636553|excitation=24ms
09:47:17.688 YIIU [http-nio-8088-exec-7] INFO  c.y.p.interceptor.CommonInterceptor - 0:0:0:0:0:0:0:1|/topic/create|excitation=6ms
09:47:17.728 YIIU [http-nio-8088-exec-6] INFO  c.y.p.config.service.RedisService - redis配置信息不全或没有配置...
09:47:17.731 YIIU [http-nio-8088-exec-6] INFO  c.y.p.config.service.RedisService - redis配置信息不全或没有配置...
09:47:17.734 YIIU [http-nio-8088-exec-6] INFO  c.y.p.interceptor.CommonInterceptor - 0:0:0:0:0:0:0:1|/api/notification/notRead|_=1554169637708|excitation=12ms
09:47:21.578 YIIU [http-nio-8088-exec-8] INFO  c.y.p.config.service.RedisService - redis配置信息不全或没有配置...
09:47:21.580 YIIU [http-nio-8088-exec-8] INFO  c.y.p.config.service.RedisService - redis配置信息不全或没有配置...
09:47:21.598 YIIU [http-nio-8088-exec-8] INFO  c.y.p.config.service.RedisService - redis配置信息不全或没有配置...
09:47:21.599 YIIU [http-nio-8088-exec-8] INFO  c.y.p.config.service.RedisService - redis配置信息不全或没有配置...
09:47:21.600 YIIU [http-nio-8088-exec-8] INFO  c.y.p.config.service.RedisService - redis配置信息不全或没有配置...
09:47:21.601 YIIU [http-nio-8088-exec-8] INFO  c.y.p.config.service.RedisService - redis配置信息不全或没有配置...
09:47:21.603 YIIU [http-nio-8088-exec-8] INFO  c.y.p.config.service.RedisService - redis配置信息不全或没有配置...
09:47:21.605 YIIU [http-nio-8088-exec-8] INFO  c.y.p.interceptor.CommonInterceptor - 0:0:0:0:0:0:0:1|/api/topic|excitation=35ms
09:47:22.330 YIIU [http-nio-8088-exec-9] INFO  c.y.p.config.service.RedisService - redis配置信息不全或没有配置...
09:47:22.333 YIIU [http-nio-8088-exec-9] INFO  c.y.p.config.service.RedisService - redis配置信息不全或没有配置...
09:47:22.342 YIIU [http-nio-8088-exec-9] INFO  c.y.p.config.service.RedisService - redis配置信息不全或没有配置...
09:47:22.344 YIIU [http-nio-8088-exec-9] INFO  c.y.p.config.service.RedisService - redis配置信息不全或没有配置...
09:47:22.360 YIIU [http-nio-8088-exec-9] INFO  c.y.p.config.service.RedisService - redis配置信息不全或没有配置...
09:47:22.372 YIIU [http-nio-8088-exec-9] INFO  c.y.p.config.service.RedisService - redis配置信息不全或没有配置...
09:47:22.375 YIIU [http-nio-8088-exec-9] INFO  c.y.p.config.service.RedisService - redis配置信息不全或没有配置...
09:47:22.383 YIIU [http-nio-8088-exec-9] INFO  c.y.p.interceptor.CommonInterceptor - 0:0:0:0:0:0:0:1|/topic/4|excitation=63ms
09:47:22.453 YIIU [http-nio-8088-exec-10] INFO  c.y.p.config.service.RedisService - redis配置信息不全或没有配置...
09:47:22.456 YIIU [http-nio-8088-exec-10] INFO  c.y.p.config.service.RedisService - redis配置信息不全或没有配置...
09:47:22.458 YIIU [http-nio-8088-exec-10] INFO  c.y.p.interceptor.CommonInterceptor - 0:0:0:0:0:0:0:1|/api/notification/notRead|_=1554169642409|excitation=11ms
09:48:39.103 YIIU [http-nio-8088-exec-3] INFO  c.y.p.interceptor.CommonInterceptor - 0:0:0:0:0:0:0:1|/|excitation=26ms
09:48:39.115 YIIU [http-nio-8088-exec-4] INFO  c.y.p.interceptor.CommonInterceptor - 0:0:0:0:0:0:0:1|/static/theme/default/css/app.css|excitation=1ms
09:48:39.172 YIIU [http-nio-8088-exec-5] INFO  c.y.p.config.service.RedisService - redis配置信息不全或没有配置...
09:48:39.177 YIIU [http-nio-8088-exec-5] INFO  c.y.p.config.service.RedisService - redis配置信息不全或没有配置...
09:48:39.185 YIIU [http-nio-8088-exec-5] INFO  c.y.p.interceptor.CommonInterceptor - 0:0:0:0:0:0:0:1|/api/notification/notRead|_=1554169719126|excitation=35ms
09:49:47.527 YIIU [http-nio-8088-exec-8] INFO  c.y.p.interceptor.CommonInterceptor - 0:0:0:0:0:0:0:1|/|excitation=32ms
09:49:47.576 YIIU [http-nio-8088-exec-9] INFO  c.y.p.config.service.RedisService - redis配置信息不全或没有配置...
09:49:47.578 YIIU [http-nio-8088-exec-9] INFO  c.y.p.config.service.RedisService - redis配置信息不全或没有配置...
09:49:47.581 YIIU [http-nio-8088-exec-9] INFO  c.y.p.interceptor.CommonInterceptor - 0:0:0:0:0:0:0:1|/api/notification/notRead|_=1554169787538|excitation=15ms
09:49:48.652 YIIU [http-nio-8088-exec-10] INFO  c.y.p.interceptor.CommonInterceptor - 0:0:0:0:0:0:0:1|/|excitation=20ms
09:49:48.704 YIIU [http-nio-8088-exec-1] INFO  c.y.p.config.service.RedisService - redis配置信息不全或没有配置...
09:49:48.706 YIIU [http-nio-8088-exec-1] INFO  c.y.p.config.service.RedisService - redis配置信息不全或没有配置...
09:49:48.708 YIIU [http-nio-8088-exec-1] INFO  c.y.p.interceptor.CommonInterceptor - 0:0:0:0:0:0:0:1|/api/notification/notRead|_=1554169788666|excitation=10ms
09:49:50.120 YIIU [http-nio-8088-exec-2] INFO  c.y.p.interceptor.CommonInterceptor - 0:0:0:0:0:0:0:1|/adminlogin|excitation=9ms
09:49:50.165 YIIU [http-nio-8088-exec-3] INFO  c.y.p.interceptor.CommonInterceptor - 0:0:0:0:0:0:0:1|/common/captcha|excitation=29ms
09:49:58.488 YIIU [http-nio-8088-exec-5] INFO  c.y.pybbs.config.realm.MyShiroRealm - 用户：test 正在登录...
09:49:58.500 YIIU [http-nio-8088-exec-5] ERROR c.y.p.c.front.IndexController - null
09:49:58.508 YIIU [http-nio-8088-exec-5] INFO  c.y.p.interceptor.CommonInterceptor - 0:0:0:0:0:0:0:1|/adminlogin|username=test|password=123123|code=3waj|rememberMe=1|excitation=23ms
09:49:58.515 YIIU [http-nio-8088-exec-7] INFO  c.y.p.interceptor.CommonInterceptor - 0:0:0:0:0:0:0:1|/adminlogin|excitation=2ms
09:49:58.550 YIIU [http-nio-8088-exec-6] INFO  c.y.p.interceptor.CommonInterceptor - 0:0:0:0:0:0:0:1|/common/captcha|excitation=20ms
09:52:25.294 YIIU [http-nio-8088-exec-10] INFO  c.y.pybbs.config.realm.MyShiroRealm - 用户：admin 正在登录...
09:52:25.410 YIIU [http-nio-8088-exec-10] INFO  c.y.p.interceptor.CommonInterceptor - 0:0:0:0:0:0:0:1|/adminlogin|username=admin|password=123123|code=mcbv|rememberMe=1|excitation=118ms
09:52:25.539 YIIU [http-nio-8088-exec-1] INFO  c.y.p.interceptor.CommonInterceptor - 0:0:0:0:0:0:0:1|/admin/index|excitation=125ms
09:52:25.561 YIIU [http-nio-8088-exec-2] INFO  c.y.p.interceptor.CommonInterceptor - 0:0:0:0:0:0:0:1|/static/admin/js/app.min.js|excitation=2ms
09:52:44.893 YIIU [http-nio-8088-exec-4] INFO  c.y.p.interceptor.CommonInterceptor - 0:0:0:0:0:0:0:1|/admin/topic/list|excitation=314ms
09:52:47.032 YIIU [http-nio-8088-exec-5] INFO  c.y.p.interceptor.CommonInterceptor - 0:0:0:0:0:0:0:1|/admin/comment/list|excitation=98ms
09:52:48.266 YIIU [http-nio-8088-exec-7] INFO  c.y.p.interceptor.CommonInterceptor - 0:0:0:0:0:0:0:1|/admin/tag/list|excitation=98ms
09:52:49.536 YIIU [http-nio-8088-exec-6] INFO  c.y.p.interceptor.CommonInterceptor - 0:0:0:0:0:0:0:1|/admin/user/list|excitation=110ms
09:52:56.251 YIIU [http-nio-8088-exec-9] INFO  c.y.p.interceptor.CommonInterceptor - 0:0:0:0:0:0:0:1|/admin/admin_user/list|excitation=78ms
09:52:58.518 YIIU [http-nio-8088-exec-10] INFO  c.y.p.interceptor.CommonInterceptor - 0:0:0:0:0:0:0:1|/admin/role/list|excitation=122ms
09:53:00.940 YIIU [http-nio-8088-exec-1] INFO  c.y.p.interceptor.CommonInterceptor - 0:0:0:0:0:0:0:1|/admin/permission/list|excitation=231ms
09:53:06.987 YIIU [http-nio-8088-exec-3] INFO  c.y.p.interceptor.CommonInterceptor - 0:0:0:0:0:0:0:1|/admin/permission/list|pid=1|excitation=232ms
09:53:09.864 YIIU [http-nio-8088-exec-4] INFO  c.y.p.interceptor.CommonInterceptor - 0:0:0:0:0:0:0:1|/admin/permission/list|pid=2|excitation=294ms
09:53:12.859 YIIU [http-nio-8088-exec-5] INFO  c.y.p.interceptor.CommonInterceptor - 0:0:0:0:0:0:0:1|/admin/permission/list|pid=3|excitation=211ms
09:53:13.600 YIIU [http-nio-8088-exec-7] INFO  c.y.p.interceptor.CommonInterceptor - 0:0:0:0:0:0:0:1|/admin/permission/list|pid=4|excitation=131ms
09:53:14.919 YIIU [http-nio-8088-exec-6] INFO  c.y.p.interceptor.CommonInterceptor - 0:0:0:0:0:0:0:1|/admin/permission/list|pid=5|excitation=162ms
09:53:15.595 YIIU [http-nio-8088-exec-8] INFO  c.y.p.interceptor.CommonInterceptor - 0:0:0:0:0:0:0:1|/admin/system/edit|excitation=72ms
09:53:40.199 YIIU [http-nio-8088-exec-10] INFO  c.y.p.interceptor.CommonInterceptor - 0:0:0:0:0:0:0:1|/|excitation=33ms
09:53:40.217 YIIU [http-nio-8088-exec-1] INFO  c.y.p.interceptor.CommonInterceptor - 0:0:0:0:0:0:0:1|/static/theme/default/css/app.css|excitation=0ms
09:53:40.270 YIIU [http-nio-8088-exec-2] INFO  c.y.p.config.service.RedisService - redis配置信息不全或没有配置...
09:53:40.273 YIIU [http-nio-8088-exec-2] INFO  c.y.p.config.service.RedisService - redis配置信息不全或没有配置...
09:53:40.276 YIIU [http-nio-8088-exec-2] INFO  c.y.p.interceptor.CommonInterceptor - 0:0:0:0:0:0:0:1|/api/notification/notRead|_=1554170020233|excitation=13ms
09:53:41.677 YIIU [http-nio-8088-exec-3] INFO  c.y.p.interceptor.CommonInterceptor - 0:0:0:0:0:0:0:1|/|excitation=17ms
09:53:41.724 YIIU [http-nio-8088-exec-4] INFO  c.y.p.config.service.RedisService - redis配置信息不全或没有配置...
09:53:41.727 YIIU [http-nio-8088-exec-4] INFO  c.y.p.config.service.RedisService - redis配置信息不全或没有配置...
09:53:41.731 YIIU [http-nio-8088-exec-4] INFO  c.y.p.interceptor.CommonInterceptor - 0:0:0:0:0:0:0:1|/api/notification/notRead|_=1554170021692|excitation=16ms
09:53:42.957 YIIU [http-nio-8088-exec-5] INFO  c.y.p.interceptor.CommonInterceptor - 0:0:0:0:0:0:0:1|/tags|excitation=8ms
09:53:42.989 YIIU [http-nio-8088-exec-7] INFO  c.y.p.config.service.RedisService - redis配置信息不全或没有配置...
09:53:42.990 YIIU [http-nio-8088-exec-7] INFO  c.y.p.config.service.RedisService - redis配置信息不全或没有配置...
09:53:42.993 YIIU [http-nio-8088-exec-7] INFO  c.y.p.interceptor.CommonInterceptor - 0:0:0:0:0:0:0:1|/api/notification/notRead|_=1554170022974|excitation=11ms
09:53:43.665 YIIU [http-nio-8088-exec-6] INFO  c.y.p.interceptor.CommonInterceptor - 0:0:0:0:0:0:0:1|/|excitation=17ms
09:53:43.696 YIIU [http-nio-8088-exec-8] INFO  c.y.p.config.service.RedisService - redis配置信息不全或没有配置...
09:53:43.697 YIIU [http-nio-8088-exec-8] INFO  c.y.p.config.service.RedisService - redis配置信息不全或没有配置...
09:53:43.700 YIIU [http-nio-8088-exec-8] INFO  c.y.p.interceptor.CommonInterceptor - 0:0:0:0:0:0:0:1|/api/notification/notRead|_=1554170023678|excitation=10ms
09:53:48.669 YIIU [http-nio-8088-exec-9] INFO  c.y.p.interceptor.CommonInterceptor - 0:0:0:0:0:0:0:1|/tags|excitation=11ms
09:53:48.717 YIIU [http-nio-8088-exec-10] INFO  c.y.p.config.service.RedisService - redis配置信息不全或没有配置...
09:53:48.722 YIIU [http-nio-8088-exec-10] INFO  c.y.p.config.service.RedisService - redis配置信息不全或没有配置...
09:53:48.725 YIIU [http-nio-8088-exec-10] INFO  c.y.p.interceptor.CommonInterceptor - 0:0:0:0:0:0:0:1|/api/notification/notRead|_=1554170028689|excitation=14ms
09:53:49.624 YIIU [http-nio-8088-exec-1] INFO  c.y.p.interceptor.CommonInterceptor - 0:0:0:0:0:0:0:1|/|excitation=19ms
09:53:49.656 YIIU [http-nio-8088-exec-2] INFO  c.y.p.config.service.RedisService - redis配置信息不全或没有配置...
09:53:49.658 YIIU [http-nio-8088-exec-2] INFO  c.y.p.config.service.RedisService - redis配置信息不全或没有配置...
09:53:49.661 YIIU [http-nio-8088-exec-2] INFO  c.y.p.interceptor.CommonInterceptor - 0:0:0:0:0:0:0:1|/api/notification/notRead|_=1554170029638|excitation=11ms
09:53:50.654 YIIU [http-nio-8088-exec-4] INFO  c.y.p.interceptor.CommonInterceptor - 0:0:0:0:0:0:0:1|/|tab=good|excitation=12ms
09:53:50.692 YIIU [http-nio-8088-exec-5] INFO  c.y.p.config.service.RedisService - redis配置信息不全或没有配置...
09:53:50.694 YIIU [http-nio-8088-exec-5] INFO  c.y.p.config.service.RedisService - redis配置信息不全或没有配置...
09:53:50.698 YIIU [http-nio-8088-exec-5] INFO  c.y.p.interceptor.CommonInterceptor - 0:0:0:0:0:0:0:1|/api/notification/notRead|_=1554170030676|excitation=11ms
09:53:51.685 YIIU [http-nio-8088-exec-7] INFO  c.y.p.interceptor.CommonInterceptor - 0:0:0:0:0:0:0:1|/|tab=all|excitation=14ms
09:53:51.714 YIIU [http-nio-8088-exec-6] INFO  c.y.p.config.service.RedisService - redis配置信息不全或没有配置...
09:53:51.716 YIIU [http-nio-8088-exec-6] INFO  c.y.p.config.service.RedisService - redis配置信息不全或没有配置...
09:53:51.725 YIIU [http-nio-8088-exec-6] INFO  c.y.p.interceptor.CommonInterceptor - 0:0:0:0:0:0:0:1|/api/notification/notRead|_=1554170031698|excitation=16ms
09:53:55.821 YIIU [http-nio-8088-exec-8] INFO  c.y.p.interceptor.CommonInterceptor - 0:0:0:0:0:0:0:1|/|tab=good|excitation=16ms
09:53:55.874 YIIU [http-nio-8088-exec-9] INFO  c.y.p.config.service.RedisService - redis配置信息不全或没有配置...
09:53:55.876 YIIU [http-nio-8088-exec-9] INFO  c.y.p.config.service.RedisService - redis配置信息不全或没有配置...
09:53:55.879 YIIU [http-nio-8088-exec-9] INFO  c.y.p.interceptor.CommonInterceptor - 0:0:0:0:0:0:0:1|/api/notification/notRead|_=1554170035845|excitation=13ms
09:53:56.342 YIIU [http-nio-8088-exec-10] INFO  c.y.p.interceptor.CommonInterceptor - 0:0:0:0:0:0:0:1|/|tab=hot|excitation=13ms
09:53:56.406 YIIU [http-nio-8088-exec-1] INFO  c.y.p.config.service.RedisService - redis配置信息不全或没有配置...
09:53:56.408 YIIU [http-nio-8088-exec-1] INFO  c.y.p.config.service.RedisService - redis配置信息不全或没有配置...
09:53:56.412 YIIU [http-nio-8088-exec-1] INFO  c.y.p.interceptor.CommonInterceptor - 0:0:0:0:0:0:0:1|/api/notification/notRead|_=1554170036373|excitation=15ms
09:53:56.856 YIIU [http-nio-8088-exec-2] INFO  c.y.p.interceptor.CommonInterceptor - 0:0:0:0:0:0:0:1|/|tab=newest|excitation=15ms
09:53:56.898 YIIU [http-nio-8088-exec-3] INFO  c.y.p.config.service.RedisService - redis配置信息不全或没有配置...
09:53:56.900 YIIU [http-nio-8088-exec-3] INFO  c.y.p.config.service.RedisService - redis配置信息不全或没有配置...
09:53:56.903 YIIU [http-nio-8088-exec-3] INFO  c.y.p.interceptor.CommonInterceptor - 0:0:0:0:0:0:0:1|/api/notification/notRead|_=1554170036868|excitation=12ms
09:53:57.357 YIIU [http-nio-8088-exec-4] INFO  c.y.p.interceptor.CommonInterceptor - 0:0:0:0:0:0:0:1|/|tab=noanswer|excitation=14ms
09:53:57.406 YIIU [http-nio-8088-exec-5] INFO  c.y.p.config.service.RedisService - redis配置信息不全或没有配置...
09:53:57.408 YIIU [http-nio-8088-exec-5] INFO  c.y.p.config.service.RedisService - redis配置信息不全或没有配置...
09:53:57.411 YIIU [http-nio-8088-exec-5] INFO  c.y.p.interceptor.CommonInterceptor - 0:0:0:0:0:0:0:1|/api/notification/notRead|_=1554170037372|excitation=16ms
09:53:57.745 YIIU [http-nio-8088-exec-7] INFO  c.y.p.interceptor.CommonInterceptor - 0:0:0:0:0:0:0:1|/|tab=newest|excitation=23ms
09:53:57.792 YIIU [http-nio-8088-exec-6] INFO  c.y.p.config.service.RedisService - redis配置信息不全或没有配置...
09:53:57.793 YIIU [http-nio-8088-exec-6] INFO  c.y.p.config.service.RedisService - redis配置信息不全或没有配置...
09:53:57.796 YIIU [http-nio-8088-exec-6] INFO  c.y.p.interceptor.CommonInterceptor - 0:0:0:0:0:0:0:1|/api/notification/notRead|_=1554170037761|excitation=13ms
09:53:58.197 YIIU [http-nio-8088-exec-8] INFO  c.y.p.interceptor.CommonInterceptor - 0:0:0:0:0:0:0:1|/|tab=hot|excitation=14ms
09:53:58.242 YIIU [http-nio-8088-exec-9] INFO  c.y.p.config.service.RedisService - redis配置信息不全或没有配置...
09:53:58.244 YIIU [http-nio-8088-exec-9] INFO  c.y.p.config.service.RedisService - redis配置信息不全或没有配置...
09:53:58.246 YIIU [http-nio-8088-exec-9] INFO  c.y.p.interceptor.CommonInterceptor - 0:0:0:0:0:0:0:1|/api/notification/notRead|_=1554170038212|excitation=12ms
09:53:58.556 YIIU [http-nio-8088-exec-10] INFO  c.y.p.interceptor.CommonInterceptor - 0:0:0:0:0:0:0:1|/|tab=good|excitation=11ms
09:53:58.591 YIIU [http-nio-8088-exec-1] INFO  c.y.p.config.service.RedisService - redis配置信息不全或没有配置...
09:53:58.592 YIIU [http-nio-8088-exec-1] INFO  c.y.p.config.service.RedisService - redis配置信息不全或没有配置...
09:53:58.595 YIIU [http-nio-8088-exec-1] INFO  c.y.p.interceptor.CommonInterceptor - 0:0:0:0:0:0:0:1|/api/notification/notRead|_=1554170038574|excitation=10ms
09:54:03.522 YIIU [http-nio-8088-exec-3] INFO  c.y.p.interceptor.CommonInterceptor - 0:0:0:0:0:0:0:1|/|tab=all|excitation=20ms
09:54:03.553 YIIU [http-nio-8088-exec-4] INFO  c.y.p.config.service.RedisService - redis配置信息不全或没有配置...
09:54:03.555 YIIU [http-nio-8088-exec-4] INFO  c.y.p.config.service.RedisService - redis配置信息不全或没有配置...
09:54:03.559 YIIU [http-nio-8088-exec-4] INFO  c.y.p.interceptor.CommonInterceptor - 0:0:0:0:0:0:0:1|/api/notification/notRead|_=1554170043533|excitation=10ms
09:54:04.570 YIIU [http-nio-8088-exec-5] INFO  c.y.p.interceptor.CommonInterceptor - 0:0:0:0:0:0:0:1|/|tab=hot|excitation=13ms
09:54:04.617 YIIU [http-nio-8088-exec-7] INFO  c.y.p.config.service.RedisService - redis配置信息不全或没有配置...
09:54:04.619 YIIU [http-nio-8088-exec-7] INFO  c.y.p.config.service.RedisService - redis配置信息不全或没有配置...
09:54:04.621 YIIU [http-nio-8088-exec-7] INFO  c.y.p.interceptor.CommonInterceptor - 0:0:0:0:0:0:0:1|/api/notification/notRead|_=1554170044585|excitation=11ms
09:54:05.127 YIIU [http-nio-8088-exec-6] INFO  c.y.p.interceptor.CommonInterceptor - 0:0:0:0:0:0:0:1|/|tab=newest|excitation=17ms
09:54:05.178 YIIU [http-nio-8088-exec-8] INFO  c.y.p.config.service.RedisService - redis配置信息不全或没有配置...
09:54:05.180 YIIU [http-nio-8088-exec-8] INFO  c.y.p.config.service.RedisService - redis配置信息不全或没有配置...
09:54:05.183 YIIU [http-nio-8088-exec-8] INFO  c.y.p.interceptor.CommonInterceptor - 0:0:0:0:0:0:0:1|/api/notification/notRead|_=1554170045137|excitation=19ms
09:54:05.520 YIIU [http-nio-8088-exec-9] INFO  c.y.p.interceptor.CommonInterceptor - 0:0:0:0:0:0:0:1|/|tab=good|excitation=8ms
09:54:05.550 YIIU [http-nio-8088-exec-10] INFO  c.y.p.config.service.RedisService - redis配置信息不全或没有配置...
09:54:05.552 YIIU [http-nio-8088-exec-10] INFO  c.y.p.config.service.RedisService - redis配置信息不全或没有配置...
09:54:05.554 YIIU [http-nio-8088-exec-10] INFO  c.y.p.interceptor.CommonInterceptor - 0:0:0:0:0:0:0:1|/api/notification/notRead|_=1554170045535|excitation=10ms
09:54:06.095 YIIU [http-nio-8088-exec-1] INFO  c.y.p.interceptor.CommonInterceptor - 0:0:0:0:0:0:0:1|/|tab=all|excitation=15ms
09:54:06.141 YIIU [http-nio-8088-exec-2] INFO  c.y.p.config.service.RedisService - redis配置信息不全或没有配置...
09:54:06.144 YIIU [http-nio-8088-exec-2] INFO  c.y.p.config.service.RedisService - redis配置信息不全或没有配置...
09:54:06.146 YIIU [http-nio-8088-exec-2] INFO  c.y.p.interceptor.CommonInterceptor - 0:0:0:0:0:0:0:1|/api/notification/notRead|_=1554170046110|excitation=15ms
09:54:06.582 YIIU [http-nio-8088-exec-3] INFO  c.y.p.interceptor.CommonInterceptor - 0:0:0:0:0:0:0:1|/|tab=hot|excitation=12ms
09:54:06.629 YIIU [http-nio-8088-exec-4] INFO  c.y.p.config.service.RedisService - redis配置信息不全或没有配置...
09:54:06.630 YIIU [http-nio-8088-exec-4] INFO  c.y.p.config.service.RedisService - redis配置信息不全或没有配置...
09:54:06.632 YIIU [http-nio-8088-exec-4] INFO  c.y.p.interceptor.CommonInterceptor - 0:0:0:0:0:0:0:1|/api/notification/notRead|_=1554170046596|excitation=10ms
09:54:07.064 YIIU [http-nio-8088-exec-5] INFO  c.y.p.interceptor.CommonInterceptor - 0:0:0:0:0:0:0:1|/|tab=newest|excitation=13ms
09:54:07.095 YIIU [http-nio-8088-exec-7] INFO  c.y.p.config.service.RedisService - redis配置信息不全或没有配置...
09:54:07.096 YIIU [http-nio-8088-exec-7] INFO  c.y.p.config.service.RedisService - redis配置信息不全或没有配置...
09:54:07.099 YIIU [http-nio-8088-exec-7] INFO  c.y.p.interceptor.CommonInterceptor - 0:0:0:0:0:0:0:1|/api/notification/notRead|_=1554170047080|excitation=9ms
09:54:07.590 YIIU [http-nio-8088-exec-6] INFO  c.y.p.interceptor.CommonInterceptor - 0:0:0:0:0:0:0:1|/|tab=noanswer|excitation=12ms
09:54:07.621 YIIU [http-nio-8088-exec-8] INFO  c.y.p.config.service.RedisService - redis配置信息不全或没有配置...
09:54:07.624 YIIU [http-nio-8088-exec-8] INFO  c.y.p.config.service.RedisService - redis配置信息不全或没有配置...
09:54:07.627 YIIU [http-nio-8088-exec-8] INFO  c.y.p.interceptor.CommonInterceptor - 0:0:0:0:0:0:0:1|/api/notification/notRead|_=1554170047604|excitation=10ms
09:54:07.962 YIIU [http-nio-8088-exec-9] INFO  c.y.p.interceptor.CommonInterceptor - 0:0:0:0:0:0:0:1|/|tab=newest|excitation=13ms
09:54:07.993 YIIU [http-nio-8088-exec-10] INFO  c.y.p.config.service.RedisService - redis配置信息不全或没有配置...
09:54:07.994 YIIU [http-nio-8088-exec-10] INFO  c.y.p.config.service.RedisService - redis配置信息不全或没有配置...
09:54:07.996 YIIU [http-nio-8088-exec-10] INFO  c.y.p.interceptor.CommonInterceptor - 0:0:0:0:0:0:0:1|/api/notification/notRead|_=1554170047977|excitation=7ms
09:54:08.431 YIIU [http-nio-8088-exec-1] INFO  c.y.p.interceptor.CommonInterceptor - 0:0:0:0:0:0:0:1|/|tab=hot|excitation=13ms
09:54:08.484 YIIU [http-nio-8088-exec-2] INFO  c.y.p.config.service.RedisService - redis配置信息不全或没有配置...
09:54:08.486 YIIU [http-nio-8088-exec-2] INFO  c.y.p.config.service.RedisService - redis配置信息不全或没有配置...
09:54:08.488 YIIU [http-nio-8088-exec-2] INFO  c.y.p.interceptor.CommonInterceptor - 0:0:0:0:0:0:0:1|/api/notification/notRead|_=1554170048456|excitation=11ms
09:54:08.932 YIIU [http-nio-8088-exec-3] INFO  c.y.p.interceptor.CommonInterceptor - 0:0:0:0:0:0:0:1|/|tab=good|excitation=12ms
09:54:08.981 YIIU [http-nio-8088-exec-4] INFO  c.y.p.config.service.RedisService - redis配置信息不全或没有配置...
09:54:08.983 YIIU [http-nio-8088-exec-4] INFO  c.y.p.config.service.RedisService - redis配置信息不全或没有配置...
09:54:08.986 YIIU [http-nio-8088-exec-4] INFO  c.y.p.interceptor.CommonInterceptor - 0:0:0:0:0:0:0:1|/api/notification/notRead|_=1554170048947|excitation=15ms
09:54:09.321 YIIU [http-nio-8088-exec-5] INFO  c.y.p.interceptor.CommonInterceptor - 0:0:0:0:0:0:0:1|/|tab=all|excitation=14ms
09:54:09.368 YIIU [http-nio-8088-exec-7] INFO  c.y.p.config.service.RedisService - redis配置信息不全或没有配置...
09:54:09.369 YIIU [http-nio-8088-exec-7] INFO  c.y.p.config.service.RedisService - redis配置信息不全或没有配置...
09:54:09.371 YIIU [http-nio-8088-exec-7] INFO  c.y.p.interceptor.CommonInterceptor - 0:0:0:0:0:0:0:1|/api/notification/notRead|_=1554170049335|excitation=9ms
10:08:51.622 YIIU [Thread-9] INFO  com.zaxxer.hikari.HikariDataSource - HikariPool-1 - Shutdown initiated...
10:08:51.651 YIIU [Thread-9] INFO  com.zaxxer.hikari.HikariDataSource - HikariPool-1 - Shutdown completed.
